09-05-2015 00:02:38 DEBUG [AWT-EventQueue-0] - agency.AgentManagerImpl.findAllAgents 231 - findAllAgents called
09-05-2015 00:04:33 DEBUG [AWT-EventQueue-0] - agency.AgentManagerImpl.findAllAgents 231 - findAllAgents called
09-05-2015 00:05:30 DEBUG [AWT-EventQueue-0] - agency.AgentManagerImpl.createAgent 50 - createAgent called
09-05-2015 00:05:55 DEBUG [AWT-EventQueue-0] - agency.AgentManagerImpl.findAllAgents 231 - findAllAgents called
09-05-2015 00:07:28 DEBUG [AWT-EventQueue-0] - agency.AgentManagerImpl.findAllAgents 231 - findAllAgents called
09-05-2015 00:07:57 DEBUG [AWT-EventQueue-0] - agency.AgentManagerImpl.findAllAgents 231 - findAllAgents called
09-05-2015 00:08:22 DEBUG [AWT-EventQueue-0] - agency.AgentManagerImpl.findAllAgents 231 - findAllAgents called
09-05-2015 00:09:05 DEBUG [AWT-EventQueue-0] - agency.AgentManagerImpl.findAllAgents 231 - findAllAgents called
09-05-2015 00:09:33 DEBUG [AWT-EventQueue-0] - agency.AgentManagerImpl.findAllAgents 231 - findAllAgents called
09-05-2015 00:10:01 DEBUG [AWT-EventQueue-0] - agency.AgentManagerImpl.findAllAgents 231 - findAllAgents called
09-05-2015 00:12:05 DEBUG [AWT-EventQueue-0] - agency.AgentManagerImpl.findAllAgents 231 - findAllAgents called
09-05-2015 00:12:25 DEBUG [AWT-EventQueue-0] - agency.AgentManagerImpl.createAgent 50 - createAgent called
09-05-2015 00:12:25 ERROR [AWT-EventQueue-0] - common.SwingGUI01.agentDialogAddAgentButtonActionPerformed 2209 - Add agent exception
java.lang.IllegalArgumentException: agent cannot have an empty name
	at agency.AgentManagerImpl.validateAgentsAttributes(AgentManagerImpl.java:259)
	at agency.AgentManagerImpl.createAgent(AgentManagerImpl.java:60)
	at common.SwingGUI01.agentDialogAddAgentButtonActionPerformed(SwingGUI01.java:2207)
	at common.SwingGUI01.access$000(SwingGUI01.java:31)
	at common.SwingGUI01$1.actionPerformed(SwingGUI01.java:289)
	at javax.swing.AbstractButton.fireActionPerformed(AbstractButton.java:2022)
	at javax.swing.AbstractButton$Handler.actionPerformed(AbstractButton.java:2346)
	at javax.swing.DefaultButtonModel.fireActionPerformed(DefaultButtonModel.java:402)
	at javax.swing.DefaultButtonModel.setPressed(DefaultButtonModel.java:259)
	at javax.swing.plaf.basic.BasicButtonListener.mouseReleased(BasicButtonListener.java:252)
	at java.awt.Component.processMouseEvent(Component.java:6525)
	at javax.swing.JComponent.processMouseEvent(JComponent.java:3324)
	at java.awt.Component.processEvent(Component.java:6290)
	at java.awt.Container.processEvent(Container.java:2234)
	at java.awt.Component.dispatchEventImpl(Component.java:4881)
	at java.awt.Container.dispatchEventImpl(Container.java:2292)
	at java.awt.Component.dispatchEvent(Component.java:4703)
	at java.awt.LightweightDispatcher.retargetMouseEvent(Container.java:4898)
	at java.awt.LightweightDispatcher.processMouseEvent(Container.java:4533)
	at java.awt.LightweightDispatcher.dispatchEvent(Container.java:4462)
	at java.awt.Container.dispatchEventImpl(Container.java:2278)
	at java.awt.Window.dispatchEventImpl(Window.java:2750)
	at java.awt.Component.dispatchEvent(Component.java:4703)
	at java.awt.EventQueue.dispatchEventImpl(EventQueue.java:758)
	at java.awt.EventQueue.access$500(EventQueue.java:97)
	at java.awt.EventQueue$3.run(EventQueue.java:709)
	at java.awt.EventQueue$3.run(EventQueue.java:703)
	at java.security.AccessController.doPrivileged(Native Method)
	at java.security.ProtectionDomain$1.doIntersectionPrivilege(ProtectionDomain.java:75)
	at java.security.ProtectionDomain$1.doIntersectionPrivilege(ProtectionDomain.java:86)
	at java.awt.EventQueue$4.run(EventQueue.java:731)
	at java.awt.EventQueue$4.run(EventQueue.java:729)
	at java.security.AccessController.doPrivileged(Native Method)
	at java.security.ProtectionDomain$1.doIntersectionPrivilege(ProtectionDomain.java:75)
	at java.awt.EventQueue.dispatchEvent(EventQueue.java:728)
	at java.awt.EventDispatchThread.pumpOneEventForFilters(EventDispatchThread.java:201)
	at java.awt.EventDispatchThread.pumpEventsForFilter(EventDispatchThread.java:116)
	at java.awt.EventDispatchThread.pumpEventsForHierarchy(EventDispatchThread.java:105)
	at java.awt.EventDispatchThread.pumpEvents(EventDispatchThread.java:101)
	at java.awt.EventDispatchThread.pumpEvents(EventDispatchThread.java:93)
	at java.awt.EventDispatchThread.run(EventDispatchThread.java:82)
09-05-2015 00:13:42 DEBUG [AWT-EventQueue-0] - agency.AgentManagerImpl.findAllAgents 231 - findAllAgents called
09-05-2015 00:14:23 DEBUG [AWT-EventQueue-0] - agency.AgentManagerImpl.findAllAgents 231 - findAllAgents called
09-05-2015 00:16:09 DEBUG [AWT-EventQueue-0] - agency.AgentManagerImpl.findAllAgents 231 - findAllAgents called
09-05-2015 00:27:56 DEBUG [AWT-EventQueue-0] - agency.AgentManagerImpl.findAllAgents 231 - findAllAgents called
09-05-2015 00:27:58 DEBUG [AWT-EventQueue-0] - agency.AgentManagerImpl.findAllAgents 231 - findAllAgents called
09-05-2015 00:28:39 DEBUG [AWT-EventQueue-0] - agency.AgentManagerImpl.findAllAgents 231 - findAllAgents called
09-05-2015 00:28:41 DEBUG [AWT-EventQueue-0] - agency.AgentManagerImpl.findAllAgents 231 - findAllAgents called
09-05-2015 00:29:06 DEBUG [AWT-EventQueue-0] - agency.AgentManagerImpl.findAllAgents 231 - findAllAgents called
09-05-2015 00:29:07 DEBUG [AWT-EventQueue-0] - agency.AgentManagerImpl.findAllAgents 231 - findAllAgents called
09-05-2015 00:32:01 DEBUG [AWT-EventQueue-0] - agency.AgentManagerImpl.findAllAgents 231 - findAllAgents called
09-05-2015 00:32:03 DEBUG [AWT-EventQueue-0] - agency.AgentManagerImpl.findAllAgents 231 - findAllAgents called
09-05-2015 00:38:04 DEBUG [AWT-EventQueue-0] - agency.AgentManagerImpl.findAllAgents 231 - findAllAgents called
09-05-2015 00:38:06 DEBUG [AWT-EventQueue-0] - agency.AgentManagerImpl.findAllAgents 231 - findAllAgents called
09-05-2015 00:38:33 DEBUG [AWT-EventQueue-0] - agency.AgentManagerImpl.findAllAgents 231 - findAllAgents called
09-05-2015 00:38:36 DEBUG [AWT-EventQueue-0] - agency.AgentManagerImpl.findAllAgents 231 - findAllAgents called
09-05-2015 00:38:41 DEBUG [AWT-EventQueue-0] - agency.AgentManagerImpl.findAllAgents 231 - findAllAgents called
09-05-2015 00:38:49 DEBUG [AWT-EventQueue-0] - agency.AgentManagerImpl.findAllAgents 231 - findAllAgents called
09-05-2015 00:40:17 DEBUG [AWT-EventQueue-0] - agency.AgentManagerImpl.findAllAgents 231 - findAllAgents called
09-05-2015 00:41:41 DEBUG [AWT-EventQueue-0] - agency.AgentManagerImpl.findAllAgents 231 - findAllAgents called
09-05-2015 00:42:16 DEBUG [AWT-EventQueue-0] - agency.AgentManagerImpl.createAgent 50 - createAgent called
09-05-2015 00:42:26 DEBUG [AWT-EventQueue-0] - agency.AgentManagerImpl.deleteAgent 150 - deleteAgent called
